<?xml version="1.0" encoding="UTF-8"?>
<coverage generated="1692749844887" clover="3.2.0">
  <project timestamp="1692749844887" name="All files">
    <metrics statements="42" coveredstatements="42" conditionals="21" coveredconditionals="21" methods="13" coveredmethods="13" elements="76" coveredelements="76" complexity="0" loc="42" ncloc="42" packages="2" files="2" classes="2"/>
    <package name="shared.lib.classNames">
      <metrics statements="3" coveredstatements="3" conditionals="2" coveredconditionals="2" methods="3" coveredmethods="3"/>
      <file name="classNames.ts" path="C:\Users\Public.KOMPUTER\Project\test4\template-editor\src\shared\lib\classNames\classNames.ts">
        <metrics statements="3" coveredstatements="3" conditionals="2" coveredconditionals="2" methods="3" coveredmethods="3"/>
        <line num="8" count="5" type="stmt"/>
        <line num="12" count="6" type="stmt"/>
        <line num="13" count="4" type="stmt"/>
      </file>
    </package>
    <package name="widgets.TemplateEditor.model.services.generateMessage">
      <metrics statements="39" coveredstatements="39" conditionals="19" coveredconditionals="19" methods="10" coveredmethods="10"/>
      <file name="generateMessage.ts" path="C:\Users\Public.KOMPUTER\Project\test4\template-editor\src\widgets\TemplateEditor\model\services\generateMessage\generateMessage.ts">
        <metrics statements="39" coveredstatements="39" conditionals="19" coveredconditionals="19" methods="10" coveredmethods="10"/>
        <line num="20" count="1" type="stmt"/>
        <line num="25" count="9" type="stmt"/>
        <line num="26" count="9" type="stmt"/>
        <line num="27" count="9" type="stmt"/>
        <line num="30" count="9" type="stmt"/>
        <line num="32" count="9" type="stmt"/>
        <line num="34" count="9" type="stmt"/>
        <line num="36" count="9" type="stmt"/>
        <line num="46" count="24" type="stmt"/>
        <line num="47" count="69" type="stmt"/>
        <line num="48" count="69" type="stmt"/>
        <line num="49" count="256" type="stmt"/>
        <line num="50" count="256" type="cond" truecount="2" falsecount="0"/>
        <line num="52" count="256" type="stmt"/>
        <line num="55" count="34" type="stmt"/>
        <line num="58" count="69" type="cond" truecount="2" falsecount="0"/>
        <line num="59" count="12" type="stmt"/>
        <line num="60" count="15" type="stmt"/>
        <line num="61" count="15" type="stmt"/>
        <line num="69" count="9" type="stmt"/>
        <line num="70" count="34" type="stmt"/>
        <line num="71" count="34" type="stmt"/>
        <line num="77" count="34" type="stmt"/>
        <line num="79" count="28" type="cond" truecount="2" falsecount="0"/>
        <line num="80" count="1" type="stmt"/>
        <line num="85" count="27" type="stmt"/>
        <line num="95" count="20" type="stmt"/>
        <line num="97" count="20" type="stmt"/>
        <line num="98" count="53" type="stmt"/>
        <line num="99" count="53" type="cond" truecount="2" falsecount="0"/>
        <line num="100" count="11" type="cond" truecount="2" falsecount="0"/>
        <line num="101" count="6" type="stmt"/>
        <line num="103" count="5" type="stmt"/>
        <line num="105" count="42" type="cond" truecount="2" falsecount="0"/>
        <line num="110" count="31" type="stmt"/>
        <line num="111" count="31" type="cond" truecount="2" falsecount="0"/>
        <line num="112" count="8" type="stmt"/>
        <line num="113" count="11" type="stmt"/>
        <line num="114" count="11" type="stmt"/>
      </file>
    </package>
  </project>
</coverage>
