{"C:\\Users\\Public.KOMPUTER\\Project\\test4\\template-editor\\src\\shared\\lib\\classNames\\classNames.ts": {"path":"C:\\Users\\Public.KOMPUTER\\Project\\test4\\template-editor\\src\\shared\\lib\\classNames\\classNames.ts","statementMap":{"0":{"start":{"line":8,"column":4},"end":{"line":14,"column":16}},"1":{"start":{"line":12,"column":35},"end":{"line":12,"column":49}},"2":{"start":{"line":13,"column":34},"end":{"line":13,"column":43}}},"fnMap":{"0":{"name":"classNames","decl":{"start":{"line":3,"column":16},"end":{"line":3,"column":26}},"loc":{"start":{"line":7,"column":10},"end":{"line":15,"column":1}},"line":7},"1":{"name":"(anonymous_1)","decl":{"start":{"line":12,"column":20},"end":{"line":12,"column":21}},"loc":{"start":{"line":12,"column":35},"end":{"line":12,"column":49}},"line":12},"2":{"name":"(anonymous_2)","decl":{"start":{"line":13,"column":17},"end":{"line":13,"column":18}},"loc":{"start":{"line":13,"column":34},"end":{"line":13,"column":43}},"line":13}},"branchMap":{"0":{"loc":{"start":{"line":5,"column":4},"end":{"line":5,"column":19}},"type":"default-arg","locations":[{"start":{"line":5,"column":17},"end":{"line":5,"column":19}}],"line":5},"1":{"loc":{"start":{"line":6,"column":4},"end":{"line":6,"column":46}},"type":"default-arg","locations":[{"start":{"line":6,"column":44},"end":{"line":6,"column":46}}],"line":6}},"s":{"0":5,"1":6,"2":4},"f":{"0":5,"1":6,"2":4},"b":{"0":[1],"1":[1]},"_coverageSchema":"1a1c01bbd47fc00a2c39e90264f33305004495a9","hash":"dd4eac92291bb830b335f07c0a1008b3af4a0378"}
,"C:\\Users\\Public.KOMPUTER\\Project\\test4\\template-editor\\src\\widgets\\TemplateEditor\\model\\services\\generateMessage\\generateMessage.ts": {"path":"C:\\Users\\Public.KOMPUTER\\Project\\test4\\template-editor\\src\\widgets\\TemplateEditor\\model\\services\\generateMessage\\generateMessage.ts","statementMap":{"0":{"start":{"line":20,"column":31},"end":{"line":120,"column":1}},"1":{"start":{"line":25,"column":29},"end":{"line":25,"column":31}},"2":{"start":{"line":26,"column":16},"end":{"line":26,"column":18}},"3":{"start":{"line":27,"column":22},"end":{"line":27,"column":58}},"4":{"start":{"line":30,"column":2},"end":{"line":30,"column":36}},"5":{"start":{"line":32,"column":2},"end":{"line":32,"column":18}},"6":{"start":{"line":34,"column":2},"end":{"line":34,"column":50}},"7":{"start":{"line":36,"column":2},"end":{"line":36,"column":17}},"8":{"start":{"line":46,"column":4},"end":{"line":64,"column":7}},"9":{"start":{"line":47,"column":19},"end":{"line":47,"column":33}},"10":{"start":{"line":48,"column":6},"end":{"line":57,"column":9}},"11":{"start":{"line":49,"column":22},"end":{"line":49,"column":24}},"12":{"start":{"line":50,"column":23},"end":{"line":50,"column":45}},"13":{"start":{"line":52,"column":8},"end":{"line":56,"column":9}},"14":{"start":{"line":55,"column":10},"end":{"line":55,"column":78}},"15":{"start":{"line":58,"column":6},"end":{"line":63,"column":7}},"16":{"start":{"line":59,"column":8},"end":{"line":62,"column":11}},"17":{"start":{"line":60,"column":26},"end":{"line":60,"column":62}},"18":{"start":{"line":61,"column":10},"end":{"line":61,"column":50}},"19":{"start":{"line":69,"column":4},"end":{"line":87,"column":7}},"20":{"start":{"line":70,"column":19},"end":{"line":70,"column":65}},"21":{"start":{"line":71,"column":6},"end":{"line":76,"column":8}},"22":{"start":{"line":77,"column":6},"end":{"line":86,"column":7}},"23":{"start":{"line":77,"column":19},"end":{"line":77,"column":28}},"24":{"start":{"line":79,"column":8},"end":{"line":85,"column":21}},"25":{"start":{"line":80,"column":10},"end":{"line":84,"column":32}},"26":{"start":{"line":85,"column":15},"end":{"line":85,"column":21}},"27":{"start":{"line":95,"column":19},"end":{"line":95,"column":24}},"28":{"start":{"line":97,"column":4},"end":{"line":118,"column":7}},"29":{"start":{"line":98,"column":21},"end":{"line":98,"column":35}},"30":{"start":{"line":99,"column":6},"end":{"line":117,"column":7}},"31":{"start":{"line":100,"column":8},"end":{"line":104,"column":9}},"32":{"start":{"line":101,"column":10},"end":{"line":101,"column":26}},"33":{"start":{"line":103,"column":10},"end":{"line":103,"column":27}},"34":{"start":{"line":105,"column":13},"end":{"line":117,"column":7}},"35":{"start":{"line":110,"column":8},"end":{"line":110,"column":26}},"36":{"start":{"line":111,"column":8},"end":{"line":116,"column":9}},"37":{"start":{"line":112,"column":10},"end":{"line":115,"column":13}},"38":{"start":{"line":113,"column":28},"end":{"line":113,"column":64}},"39":{"start":{"line":114,"column":12},"end":{"line":114,"column":66}}},"fnMap":{"0":{"name":"(anonymous_0)","decl":{"start":{"line":20,"column":31},"end":{"line":20,"column":32}},"loc":{"start":{"line":24,"column":5},"end":{"line":120,"column":1}},"line":24},"1":{"name":"findMatches","decl":{"start":{"line":40,"column":11},"end":{"line":40,"column":22}},"loc":{"start":{"line":44,"column":4},"end":{"line":65,"column":3}},"line":44},"2":{"name":"(anonymous_2)","decl":{"start":{"line":46,"column":42},"end":{"line":46,"column":43}},"loc":{"start":{"line":46,"column":65},"end":{"line":64,"column":5}},"line":46},"3":{"name":"(anonymous_3)","decl":{"start":{"line":48,"column":26},"end":{"line":48,"column":27}},"loc":{"start":{"line":48,"column":40},"end":{"line":57,"column":7}},"line":48},"4":{"name":"(anonymous_4)","decl":{"start":{"line":59,"column":30},"end":{"line":59,"column":31}},"loc":{"start":{"line":59,"column":69},"end":{"line":62,"column":9}},"line":59},"5":{"name":"changeMatches","decl":{"start":{"line":68,"column":11},"end":{"line":68,"column":24}},"loc":{"start":{"line":68,"column":27},"end":{"line":88,"column":3}},"line":68},"6":{"name":"(anonymous_6)","decl":{"start":{"line":69,"column":20},"end":{"line":69,"column":21}},"loc":{"start":{"line":69,"column":38},"end":{"line":87,"column":5}},"line":69},"7":{"name":"returnMessageFromTemplate","decl":{"start":{"line":90,"column":11},"end":{"line":90,"column":36}},"loc":{"start":{"line":94,"column":4},"end":{"line":119,"column":3}},"line":94},"8":{"name":"(anonymous_8)","decl":{"start":{"line":97,"column":42},"end":{"line":97,"column":43}},"loc":{"start":{"line":97,"column":65},"end":{"line":118,"column":5}},"line":97},"9":{"name":"(anonymous_9)","decl":{"start":{"line":112,"column":32},"end":{"line":112,"column":33}},"loc":{"start":{"line":112,"column":71},"end":{"line":115,"column":11}},"line":112}},"branchMap":{"0":{"loc":{"start":{"line":50,"column":23},"end":{"line":50,"column":45}},"type":"binary-expr","locations":[{"start":{"line":50,"column":23},"end":{"line":50,"column":39}},{"start":{"line":50,"column":43},"end":{"line":50,"column":45}}],"line":50},"1":{"loc":{"start":{"line":58,"column":6},"end":{"line":63,"column":7}},"type":"if","locations":[{"start":{"line":58,"column":6},"end":{"line":63,"column":7}},{"start":{},"end":{}}],"line":58},"2":{"loc":{"start":{"line":79,"column":8},"end":{"line":85,"column":21}},"type":"if","locations":[{"start":{"line":79,"column":8},"end":{"line":85,"column":21}},{"start":{"line":85,"column":15},"end":{"line":85,"column":21}}],"line":79},"3":{"loc":{"start":{"line":99,"column":6},"end":{"line":117,"column":7}},"type":"if","locations":[{"start":{"line":99,"column":6},"end":{"line":117,"column":7}},{"start":{"line":105,"column":13},"end":{"line":117,"column":7}}],"line":99},"4":{"loc":{"start":{"line":100,"column":8},"end":{"line":104,"column":9}},"type":"if","locations":[{"start":{"line":100,"column":8},"end":{"line":104,"column":9}},{"start":{"line":102,"column":15},"end":{"line":104,"column":9}}],"line":100},"5":{"loc":{"start":{"line":105,"column":13},"end":{"line":117,"column":7}},"type":"if","locations":[{"start":{"line":105,"column":13},"end":{"line":117,"column":7}},{"start":{},"end":{}}],"line":105},"6":{"loc":{"start":{"line":106,"column":8},"end":{"line":108,"column":25}},"type":"binary-expr","locations":[{"start":{"line":106,"column":9},"end":{"line":106,"column":25}},{"start":{"line":106,"column":29},"end":{"line":106,"column":37}},{"start":{"line":107,"column":9},"end":{"line":107,"column":25}},{"start":{"line":107,"column":29},"end":{"line":107,"column":38}},{"start":{"line":108,"column":8},"end":{"line":108,"column":25}}],"line":106},"7":{"loc":{"start":{"line":111,"column":8},"end":{"line":116,"column":9}},"type":"if","locations":[{"start":{"line":111,"column":8},"end":{"line":116,"column":9}},{"start":{},"end":{}}],"line":111}},"s":{"0":1,"1":9,"2":9,"3":9,"4":9,"5":9,"6":9,"7":9,"8":24,"9":69,"10":69,"11":256,"12":256,"13":256,"14":34,"15":69,"16":12,"17":15,"18":15,"19":9,"20":34,"21":34,"22":34,"23":34,"24":28,"25":1,"26":27,"27":20,"28":20,"29":53,"30":53,"31":11,"32":6,"33":5,"34":42,"35":31,"36":31,"37":8,"38":11,"39":11},"f":{"0":9,"1":24,"2":69,"3":256,"4":15,"5":9,"6":34,"7":20,"8":53,"9":11},"b":{"0":[256,1],"1":[12,57],"2":[1,27],"3":[11,42],"4":[6,5],"5":[31,11],"6":[42,11,36,11,31],"7":[8,23]},"_coverageSchema":"1a1c01bbd47fc00a2c39e90264f33305004495a9","hash":"a18c44a3546f865656fff49bcfc0bbce47d0981a"}
}
