TN:
SF:src\shared\lib\classNames\classNames.ts
FN:3,classNames
FN:12,(anonymous_1)
FN:13,(anonymous_2)
FNF:3
FNH:3
FNDA:5,classNames
FNDA:6,(anonymous_1)
FNDA:4,(anonymous_2)
DA:8,5
DA:12,6
DA:13,4
LF:3
LH:3
BRDA:5,0,0,1
BRDA:6,1,0,1
BRF:2
BRH:2
end_of_record
TN:
SF:src\widgets\TemplateEditor\model\services\generateMessage\generateMessage.ts
FN:20,(anonymous_0)
FN:40,findMatches
FN:46,(anonymous_2)
FN:48,(anonymous_3)
FN:59,(anonymous_4)
FN:68,changeMatches
FN:69,(anonymous_6)
FN:90,returnMessageFromTemplate
FN:97,(anonymous_8)
FN:112,(anonymous_9)
FNF:10
FNH:10
FNDA:9,(anonymous_0)
FNDA:24,findMatches
FNDA:69,(anonymous_2)
FNDA:256,(anonymous_3)
FNDA:15,(anonymous_4)
FNDA:9,changeMatches
FNDA:34,(anonymous_6)
FNDA:20,returnMessageFromTemplate
FNDA:53,(anonymous_8)
FNDA:11,(anonymous_9)
DA:20,1
DA:25,9
DA:26,9
DA:27,9
DA:30,9
DA:32,9
DA:34,9
DA:36,9
DA:46,24
DA:47,69
DA:48,69
DA:49,256
DA:50,256
DA:52,256
DA:55,34
DA:58,69
DA:59,12
DA:60,15
DA:61,15
DA:69,9
DA:70,34
DA:71,34
DA:77,34
DA:79,28
DA:80,1
DA:85,27
DA:95,20
DA:97,20
DA:98,53
DA:99,53
DA:100,11
DA:101,6
DA:103,5
DA:105,42
DA:110,31
DA:111,31
DA:112,8
DA:113,11
DA:114,11
LF:39
LH:39
BRDA:50,0,0,256
BRDA:50,0,1,1
BRDA:58,1,0,12
BRDA:58,1,1,57
BRDA:79,2,0,1
BRDA:79,2,1,27
BRDA:99,3,0,11
BRDA:99,3,1,42
BRDA:100,4,0,6
BRDA:100,4,1,5
BRDA:105,5,0,31
BRDA:105,5,1,11
BRDA:106,6,0,42
BRDA:106,6,1,11
BRDA:106,6,2,36
BRDA:106,6,3,11
BRDA:106,6,4,31
BRDA:111,7,0,8
BRDA:111,7,1,23
BRF:19
BRH:19
end_of_record
